0 info it worked if it ends with ok
1 verbose cli [ '/Users/PureWind/.nvm/versions/node/v0.12.1/bin/node',
1 verbose cli   '/Users/PureWind/.nvm/versions/node/v0.12.1/bin/npm',
1 verbose cli   'publish' ]
2 info using npm@2.5.1
3 info using node@v0.12.1
4 verbose publish [ '.' ]
5 silly cache add args [ '.', null ]
6 verbose cache add spec .
7 silly cache add parsed spec { raw: '.',
7 silly cache add   scope: null,
7 silly cache add   name: null,
7 silly cache add   rawSpec: '.',
7 silly cache add   spec: '/Users/PureWind/Documents/githubProject/validate_sorting',
7 silly cache add   type: 'directory' }
8 verbose addLocalDirectory /Users/PureWind/.npm/validate_sorting/1.0.0/package.tgz not in flight; packing
9 verbose tar pack [ '/Users/PureWind/.npm/validate_sorting/1.0.0/package.tgz',
9 verbose tar pack   '/Users/PureWind/Documents/githubProject/validate_sorting' ]
10 verbose tarball /Users/PureWind/.npm/validate_sorting/1.0.0/package.tgz
11 verbose folder /Users/PureWind/Documents/githubProject/validate_sorting
12 info prepublish validate_sorting@1.0.0
13 verbose addLocalTarball adding from inside cache /Users/PureWind/.npm/validate_sorting/1.0.0/package.tgz
14 silly cache afterAdd validate_sorting@1.0.0
15 verbose afterAdd /Users/PureWind/.npm/validate_sorting/1.0.0/package/package.json not in flight; writing
16 verbose afterAdd /Users/PureWind/.npm/validate_sorting/1.0.0/package/package.json written
17 silly publish { name: 'validate_sorting',
17 silly publish   version: '1.0.0',
17 silly publish   preferGlobal: true,
17 silly publish   description: 'Just a tool to test a sorting list is correct or not.',
17 silly publish   dependencies: { babel: '^5.6.6', minimist: '^1.1.1' },
17 silly publish   devDependencies: {},
17 silly publish   scripts:
17 silly publish    { test: 'echo "Error: no test specified" && exit 1',
17 silly publish      preinstall: 'npm install' },
17 silly publish   repository:
17 silly publish    { type: 'git',
17 silly publish      url: 'git+https://github.com/purepennons/Sorting_Validator.git' },
17 silly publish   author: { name: 'Chiahao Lin' },
17 silly publish   license: 'MIT',
17 silly publish   bugs: { url: 'https://github.com/purepennons/Sorting_Validator/issues' },
17 silly publish   homepage: 'https://github.com/purepennons/Sorting_Validator#readme',
17 silly publish   bin: { sortv: 'entry.js' },
17 silly publish   readme: '# Sorting_Validator\nJust a tool to test a sorting list is correct or not.\n\n# Installation\n\tnpm install -g validate_sorting\n\n# Usage\n\tnode entry.js --inc -i <input file>\n\n\n# Params\n`-i`: Setting input file.\n\n`--input`: Same as `-i`.\n\n`--inc`(default): Sorting by samll to large.\n\n`--dec`: Sorting by large to samll.\n\n# License\nMIT',
17 silly publish   readmeFilename: 'README.md',
17 silly publish   gitHead: '1eb8c5fc58f4b1146a7d535b778f8d0194c4e10b',
17 silly publish   _id: 'validate_sorting@1.0.0',
17 silly publish   _shasum: 'ee56dd350e907d059c105c5f4c30fca9057dee48',
17 silly publish   _from: '.' }
18 silly mapToRegistry name validate_sorting
19 silly mapToRegistry using default registry
20 silly mapToRegistry registry https://registry.npmjs.org/
21 silly mapToRegistry uri https://registry.npmjs.org/validate_sorting
22 verbose publish registryBase https://registry.npmjs.org/
23 silly publish uploading /Users/PureWind/.npm/validate_sorting/1.0.0/package.tgz
24 verbose request uri https://registry.npmjs.org/validate_sorting
25 verbose request sending authorization for write operation
26 info attempt registry request try #1 at 4:30:08 PM
27 verbose request id 2aafdb3bf272c468
28 http request PUT https://registry.npmjs.org/validate_sorting
29 http 403 https://registry.npmjs.org/validate_sorting
30 verbose headers { 'content-type': 'application/json',
30 verbose headers   'cache-control': 'max-age=60',
30 verbose headers   'content-length': '95',
30 verbose headers   'accept-ranges': 'bytes',
30 verbose headers   date: 'Thu, 25 Jun 2015 08:30:11 GMT',
30 verbose headers   via: '1.1 varnish',
30 verbose headers   connection: 'keep-alive',
30 verbose headers   'x-served-by': 'cache-hkg6826-HKG',
30 verbose headers   'x-cache': 'MISS',
30 verbose headers   'x-cache-hits': '0',
30 verbose headers   'x-timer': 'S1435221008.947011,VS0,VE2254' }
31 verbose request invalidating /Users/PureWind/.npm/registry.npmjs.org/validate_sorting on PUT
32 error publish Failed PUT 403
33 verbose stack Error: "You cannot publish over the previously published version 1.0.0." : validate_sorting
33 verbose stack     at CachingRegistryClient.<anonymous> (/Users/PureWind/.nvm/versions/node/v0.12.1/lib/node_modules/npm/node_modules/npm-registry-client/lib/request.js:254:14)
33 verbose stack     at Request._callback (/Users/PureWind/.nvm/versions/node/v0.12.1/lib/node_modules/npm/node_modules/npm-registry-client/lib/request.js:178:14)
33 verbose stack     at Request.self.callback (/Users/PureWind/.nvm/versions/node/v0.12.1/lib/node_modules/npm/node_modules/request/request.js:344:22)
33 verbose stack     at Request.emit (events.js:110:17)
33 verbose stack     at Request.<anonymous> (/Users/PureWind/.nvm/versions/node/v0.12.1/lib/node_modules/npm/node_modules/request/request.js:1239:14)
33 verbose stack     at Request.emit (events.js:129:20)
33 verbose stack     at IncomingMessage.<anonymous> (/Users/PureWind/.nvm/versions/node/v0.12.1/lib/node_modules/npm/node_modules/request/request.js:1187:12)
33 verbose stack     at IncomingMessage.emit (events.js:129:20)
33 verbose stack     at _stream_readable.js:908:16
33 verbose stack     at process._tickCallback (node.js:355:11)
34 verbose statusCode 403
35 verbose pkgid validate_sorting
36 verbose cwd /Users/PureWind/Documents/githubProject/validate_sorting
37 error Darwin 14.3.0
38 error argv "/Users/PureWind/.nvm/versions/node/v0.12.1/bin/node" "/Users/PureWind/.nvm/versions/node/v0.12.1/bin/npm" "publish"
39 error node v0.12.1
40 error npm  v2.5.1
41 error code E403
42 error "You cannot publish over the previously published version 1.0.0." : validate_sorting
43 error If you need help, you may report this error at:
43 error     <http://github.com/npm/npm/issues>
44 verbose exit [ 1, true ]
